<?xml version="1.0" encoding="UTF-8"?>
<testng-results skipped="0" failed="0" ignored="0" total="1" passed="1">
  <reporter-output>
  </reporter-output>
  <suite name="Suite" duration-ms="26871" started-at="2019-10-12T15:49:29 IST" finished-at="2019-10-12T15:49:56 IST">
    <groups>
    </groups>
    <test name="Default test" duration-ms="26871" started-at="2019-10-12T15:49:29 IST" finished-at="2019-10-12T15:49:56 IST">
      <class name="com.Acme.Testcases.Testcases">
        <test-method status="PASS" signature="acme()[pri:0, instance:com.Acme.Testcases.Testcases@614ddd49]" name="acme" duration-ms="26737" started-at="2019-10-12T15:49:29 IST" finished-at="2019-10-12T15:49:56 IST">
          <reporter-output>
          </reporter-output>
        </test-method> <!-- acme -->
      </class> <!-- com.Acme.Testcases.Testcases -->
    </test> <!-- Default test -->
  </suite> <!-- Suite -->
</testng-results>
